Tue Jul 17 2018 18:40:58 GMT+0300 (Восточная Европа (лето)) 
   ERROR:  D:\React\El_sn\server\common\log.js': Error: connect ETIMEDOUT 74.125.133.109:465

Thu Jul 26 2018 21:14:21 GMT+0300 (+03) 
   ERROR: getWhaleOrders /media/wertyga/B688E5DB88E59A5F/LINUX Projects JS/El_sn_tt/El_sn/server/common/log.js': TypeError: Cannot read property 'length' of undefined

Thu Jul 26 2018 21:16:00 GMT+0300 (+03) 
   ERROR: getWhaleOrders /media/wertyga/B688E5DB88E59A5F/LINUX Projects JS/El_sn_tt/El_sn/server/common/log.js': TypeError: Cannot read property 'length' of undefined

Thu Jul 26 2018 21:17:00 GMT+0300 (+03) 
   ERROR: getWhaleOrders /media/wertyga/B688E5DB88E59A5F/LINUX Projects JS/El_sn_tt/El_sn/server/common/log.js': TypeError: Cannot read property 'length' of undefined

Thu Jul 26 2018 21:18:00 GMT+0300 (+03) 
   ERROR: getWhaleOrders /media/wertyga/B688E5DB88E59A5F/LINUX Projects JS/El_sn_tt/El_sn/server/common/log.js': TypeError: Cannot read property 'length' of undefined

Thu Jul 26 2018 21:19:00 GMT+0300 (+03) 
   ERROR: getWhaleOrders /media/wertyga/B688E5DB88E59A5F/LINUX Projects JS/El_sn_tt/El_sn/server/common/log.js': TypeError: Cannot read property 'length' of undefined

Thu Jul 26 2018 21:19:59 GMT+0300 (+03) 
   ERROR: getWhaleOrders /media/wertyga/B688E5DB88E59A5F/LINUX Projects JS/El_sn_tt/El_sn/server/common/log.js': TypeError: Cannot read property 'length' of undefined

Thu Jul 26 2018 21:21:00 GMT+0300 (+03) 
   ERROR: getWhaleOrders /media/wertyga/B688E5DB88E59A5F/LINUX Projects JS/El_sn_tt/El_sn/server/common/log.js': TypeError: Cannot read property 'length' of undefined

Thu Jul 26 2018 21:23:03 GMT+0300 (+03) 
   ERROR: getWhaleOrders /media/wertyga/B688E5DB88E59A5F/LINUX Projects JS/El_sn_tt/El_sn/server/common/log.js': TypeError: Cannot read property 'length' of undefined

Thu Jul 26 2018 21:24:05 GMT+0300 (+03) 
   ERROR: getWhaleOrders /media/wertyga/B688E5DB88E59A5F/LINUX Projects JS/El_sn_tt/El_sn/server/common/log.js': TypeError: Cannot read property 'length' of undefined

Mon Jul 30 2018 19:24:08 GMT+0300 (RTZ 2 (зима)) 
   ERROR: getWhaleOrders G:\REACTJS\El_sn\server\common\log.js': TypeError: Cannot read property 'filter' of undefined

Mon Jul 30 2018 19:25:01 GMT+0300 (RTZ 2 (зима)) 
   ERROR: getWhaleOrders G:\REACTJS\El_sn\server\common\log.js': TypeError: Cannot read property 'filter' of undefined

Mon Jul 30 2018 19:26:01 GMT+0300 (RTZ 2 (зима)) 
   ERROR: getWhaleOrders G:\REACTJS\El_sn\server\common\log.js': TypeError: Cannot read property 'filter' of undefined

Mon Jul 30 2018 19:28:09 GMT+0300 (RTZ 2 (зима)) 
   ERROR: getWhaleOrders G:\REACTJS\El_sn\server\common\log.js': TypeError: Cannot read property 'filter' of undefined

Mon Jul 30 2018 19:33:00 GMT+0300 (RTZ 2 (зима)) 
   ERROR: getWhaleOrders G:\REACTJS\El_sn\server\common\log.js': TypeError: Cannot read property 'filter' of undefined

Mon Jul 30 2018 19:36:46 GMT+0300 (RTZ 2 (зима)) 
   ERROR: getWhaleOrders G:\REACTJS\El_sn\server\common\log.js': TypeError: Cannot read property 'length' of undefined

Mon Jul 30 2018 19:37:40 GMT+0300 (RTZ 2 (зима)) 
   ERROR: getWhaleOrders G:\REACTJS\El_sn\server\common\log.js': TypeError: Cannot read property 'length' of undefined

Mon Jul 30 2018 19:38:00 GMT+0300 (RTZ 2 (зима)) 
   ERROR: getWhaleOrders G:\REACTJS\El_sn\server\common\log.js': TypeError: Cannot read property 'length' of undefined

Mon Jul 30 2018 19:38:55 GMT+0300 (RTZ 2 (зима)) 
   ERROR: getWhaleOrders G:\REACTJS\El_sn\server\common\log.js': TypeError: Cannot read property 'length' of undefined

